[0m00:42:35.842040 [debug] [MainThread]: Sending event: {'category': 'dbt', 'action': 'invocation', 'label': 'start', 'context': [<snowplow_tracker.self_describing_json.SelfDescribingJson object at 0x7ac0e14fec20>, <snowplow_tracker.self_describing_json.SelfDescribingJson object at 0x7ac0e02954b0>, <snowplow_tracker.self_describing_json.SelfDescribingJson object at 0x7ac0e0295450>]}


============================== 00:42:35.846379 | 331d6cfd-0600-42f7-8d4a-dd0a5475f1a6 ==============================
[0m00:42:35.846379 [info ] [MainThread]: Running with dbt=1.11.7
[0m00:42:35.847231 [debug] [MainThread]: running dbt with arguments {'log_format': 'default', 'target_path': 'None', 'write_json': 'True', 'log_cache_events': 'False', 'static_parser': 'True', 'use_colors': 'True', 'empty': 'None', 'debug': 'False', 'log_path': 'logs', 'printer_width': '80', 'fail_fast': 'False', 'use_experimental_parser': 'False', 'cache_selected_only': 'False', 'warn_error': 'None', 'version_check': 'True', 'warn_error_options': 'WarnErrorOptionsV2(error=[], warn=[], silence=[])', 'send_anonymous_usage_stats': 'True', 'no_print': 'None', 'quiet': 'False', 'invocation_command': 'dbt init dbt', 'profiles_dir': '/home/ubuntu/.dbt', 'introspect': 'True', 'partial_parse': 'True', 'indirect_selection': 'eager'}
[0m00:42:35.856570 [info ] [MainThread]: Creating dbt configuration folder at /home/ubuntu/.dbt
[0m00:43:57.518051 [debug] [MainThread]: Starter project path: /home/ubuntu/weather-pipeline/.venv/lib/python3.10/site-packages/dbt/include/starter_project
[0m00:43:57.521419 [info ] [MainThread]: 
Your new dbt project "weather_pipeline" was created!

For more information on how to configure the profiles.yml file,
please consult the dbt documentation here:

  https://docs.getdbt.com/docs/configure-your-profile

One more thing:

Need help? Don't hesitate to reach out to us via GitHub issues or on Slack:

  https://community.getdbt.com/

Happy modeling!

[0m00:43:57.522051 [info ] [MainThread]: Setting up your profile.
[0m00:45:16.741797 [info ] [MainThread]: Profile weather_pipeline written to /home/ubuntu/.dbt/profiles.yml using target's profile_template.yml and your supplied values. Run 'dbt debug' to validate the connection.
[0m00:45:16.744796 [debug] [MainThread]: Resource report: {"command_name": "init", "command_success": true, "command_wall_clock_time": 160.97777, "process_in_blocks": "72", "process_kernel_time": 0.096247, "process_mem_max_rss": "102620", "process_out_blocks": "88", "process_user_time": 1.686309}
[0m00:45:16.745502 [debug] [MainThread]: Command `dbt init` succeeded at 00:45:16.745350 after 160.98 seconds
[0m00:45:16.746125 [debug] [MainThread]: Sending event: {'category': 'dbt', 'action': 'invocation', 'label': 'end', 'context': [<snowplow_tracker.self_describing_json.SelfDescribingJson object at 0x7ac0e14fec20>, <snowplow_tracker.self_describing_json.SelfDescribingJson object at 0x7ac0e01a7040>, <snowplow_tracker.self_describing_json.SelfDescribingJson object at 0x7ac0e02962c0>]}
[0m00:45:16.746812 [debug] [MainThread]: Flushing usage events
[0m00:45:17.249103 [debug] [MainThread]: An error was encountered while trying to flush usage events
